<?xml version="1.0" encoding="UTF-8"?>
<!-- Generated by org.testng.reporters.JUnitReportReporter -->
<testsuite hostname="DESKTOP-OBO2JJ9" failures="0" tests="4" name="sample_batchexe_with_annotation.Sample" time="88.785" errors="0" timestamp="2021-11-08T16:18:03 IST" skipped="0">
  <testcase classname="sample_batchexe_with_annotation.Sample" name="createorgwithindandtyp" time="14.573"/>
  <system-out/>
  <testcase classname="sample_batchexe_with_annotation.Sample" name="createcontact_organization" time="43.473"/>
  <system-out/>
  <testcase classname="sample_batchexe_with_annotation.Sample" name="CreateContact" time="11.932"/>
  <system-out/>
  <testcase classname="sample_batchexe_with_annotation.Sample" name="Createorg" time="18.807"/>
  <system-out/>
</testsuite> <!-- sample_batchexe_with_annotation.Sample -->
