<?xml version="1.0" encoding="UTF-8"?>
<!-- Generated by org.testng.reporters.JUnitReportReporter -->
<testsuite hostname="DESKTOP-OBO2JJ9" failures="0" tests="1" name="practis.HandlingDyanamicWebTableTest" time="13.163" errors="0" timestamp="2021-11-10T10:24:37 IST" skipped="0">
  <testcase classname="practis.HandlingDyanamicWebTableTest" name="HDWT" time="13.163"/>
  <system-out/>
</testsuite> <!-- practis.HandlingDyanamicWebTableTest -->
