<?xml version="1.0" encoding="UTF-8"?>
<!-- Generated by org.testng.reporters.JUnitReportReporter -->
<testsuite hostname="DESKTOP-OBO2JJ9" failures="0" tests="1" name="Sample.EdxcellTest" time="21.181" errors="0" timestamp="2021-10-28T19:27:46 IST" skipped="0">
  <testcase classname="Sample.EdxcellTest" name="one" time="21.181"/>
  <system-out/>
</testsuite> <!-- Sample.EdxcellTest -->
