<?xml version="1.0" encoding="UTF-8"?>
<!-- Generated by org.testng.reporters.JUnitReportReporter -->
<testsuite hostname="DESKTOP-OBO2JJ9" failures="0" tests="1" name="xyz.ContactTest" time="0.002" errors="0" timestamp="2021-11-11T10:28:49 IST" skipped="0">
  <testcase classname="xyz.ContactTest" name="Ct" time="0.002"/>
  <system-out/>
</testsuite> <!-- xyz.ContactTest -->
