<?xml version="1.0" encoding="UTF-8"?>
<!-- Generated by org.testng.reporters.JUnitReportReporter -->
<testsuite hostname="DESKTOP-OBO2JJ9" failures="0" tests="1" name="practis.MakeMyTripOnJan20" time="25.097" errors="0" timestamp="2021-11-09T14:32:23 IST" skipped="0">
  <testcase classname="practis.MakeMyTripOnJan20" name="mmtonjan20Test" time="25.097"/>
  <system-out/>
</testsuite> <!-- practis.MakeMyTripOnJan20 -->
