<?xml version="1.0" encoding="UTF-8"?>
<!-- Generated by org.testng.reporters.JUnitReportReporter -->
<testsuite hostname="DESKTOP-OBO2JJ9" failures="0" tests="1" name="xyz.CommandLineTest" time="0.012" errors="0" timestamp="2021-11-11T10:28:49 IST" skipped="0">
  <testcase classname="xyz.CommandLineTest" name="clt" time="0.012"/>
  <system-out/>
</testsuite> <!-- xyz.CommandLineTest -->
