<?xml version="1.0" encoding="UTF-8"?>
<!-- Generated by org.testng.reporters.JUnitReportReporter -->
<testsuite hostname="DESKTOP-OBO2JJ9" failures="0" tests="1" name="xyz.LeadTest" time="0.007" errors="0" timestamp="2021-11-11T10:09:44 IST" skipped="0">
  <testcase classname="xyz.LeadTest" name="lt" time="0.007"/>
  <system-out/>
</testsuite> <!-- xyz.LeadTest -->
