<?xml version="1.0" encoding="UTF-8"?>
<!-- Generated by org.testng.reporters.JUnitReportReporter -->
<testsuite hostname="DESKTOP-OBO2JJ9" failures="0" tests="1" name="practis.MakeMyTrip_test" time="21.295" errors="0" timestamp="2021-11-09T13:28:28 IST" skipped="0">
  <testcase classname="practis.MakeMyTrip_test" name="MMT" time="21.295"/>
  <system-out/>
</testsuite> <!-- practis.MakeMyTrip_test -->
