<?xml version="1.0" encoding="UTF-8"?>
<!-- Generated by org.testng.reporters.JUnitReportReporter -->
<testsuite hostname="DESKTOP-OBO2JJ9" failures="0" tests="1" name="practis.Create_org" time="83.811" errors="0" timestamp="2021-11-12T10:39:58 IST" skipped="0">
  <testcase classname="practis.Create_org" name="create_organization" time="83.811"/>
  <system-out/>
</testsuite> <!-- practis.Create_org -->
