<?xml version="1.0" encoding="UTF-8"?>
<!-- Generated by org.testng.reporters.JUnitReportReporter -->
<testsuite hostname="DESKTOP-OBO2JJ9" failures="0" tests="1" name="practis.TryOnce" time="30.140" errors="0" timestamp="2021-10-30T15:29:38 IST" skipped="0">
  <testcase classname="practis.TryOnce" name="Demo" time="30.140"/>
  <system-out/>
</testsuite> <!-- practis.TryOnce -->
